<?xml version="1.0" encoding="UTF-8"?>
<!-- Generated by org.testng.reporters.JUnitReportReporter -->
<testsuite hostname="GHS-EIT-247091N" failures="0" tests="3" name="Login" time="29.623" errors="0" timestamp="2024-12-06T14:34:20 IST" skipped="0">
  <testcase classname="Login" name="loginTest" time="9.821"/>
  <testcase classname="Login" name="loginTest" time="11.742"/>
  <testcase classname="Login" name="loginTest" time="8.060"/>
</testsuite> <!-- Login -->
