<?xml version="1.0" encoding="UTF-8"?>
<!-- Generated by org.testng.reporters.JUnitReportReporter -->
<testsuite hostname="GHS-EIT-243550" failures="0" tests="4" name="Login" time="34.166" errors="0" timestamp="2024-12-06T14:57:31 IST" skipped="0">
  <testcase classname="Login" name="loginTest" time="9.286"/>
  <testcase classname="Login" name="loginTest" time="8.207"/>
  <testcase classname="Login" name="loginTest" time="8.454"/>
  <testcase classname="Login" name="loginTest" time="8.219"/>
</testsuite> <!-- Login -->
