<?xml version="1.0" encoding="UTF-8"?>
<!-- Generated by org.testng.reporters.JUnitReportReporter -->
<testsuite hostname="GHS-EIT-247091N" failures="0" tests="3" name="Login" time="28.413" errors="0" timestamp="2024-12-05T18:15:35 IST" skipped="0">
  <testcase classname="Login" name="loginTest" time="10.302"/>
  <testcase classname="Login" name="loginTest" time="9.227"/>
  <testcase classname="Login" name="loginTest" time="8.884"/>
</testsuite> <!-- Login -->
